[Info  - 5:18:13 PM] 2024/07/20 17:18:13 Created View (#1)
	directory=/home/nadir/dev/projects/go-the-complete-guide
	view_type="AdHoc"
	root_dir="file:///home/nadir/dev/projects/go-the-complete-guide"
	go_version="go version go1.22.3 linux/amd64"
	build_flags=[]
	env={GOOS:linux GOARCH:amd64 GOCACHE:/home/nadir/.cache/go-build GOMODCACHE:/home/nadir/go/pkg/mod GOPATH:/home/nadir/go GOPRIVATE: GOFLAGS: GO111MODULE: GOTOOLCHAIN:auto GoVersion:22 GoVersionOutput:go version go1.22.3 linux/amd64
 ExplicitGOWORK: EffectiveGOPACKAGESDRIVER:}
	env_overlay=[]

[Info  - 5:18:13 PM] 2024/07/20 17:18:13 go/packages.Load #1
	view_id="1"
	snapshot=0
	directory=/home/nadir/dev/projects/go-the-complete-guide
	query=[./ builtin]
	packages=2
	duration=23.279681ms

[Info  - 5:18:13 PM] 2024/07/20 17:18:13 Created View (#2)
	directory=/home/nadir/dev/projects/go-the-complete-guide
	view_type="GoMod"
	root_dir="file:///home/nadir/dev/projects/go-the-complete-guide/16-price-calculator-goroutines"
	go_version="go version go1.22.3 linux/amd64"
	build_flags=[]
	env={GOOS:linux GOARCH:amd64 GOCACHE:/home/nadir/.cache/go-build GOMODCACHE:/home/nadir/go/pkg/mod GOPATH:/home/nadir/go GOPRIVATE: GOFLAGS: GO111MODULE: GOTOOLCHAIN:auto GoVersion:22 GoVersionOutput:go version go1.22.3 linux/amd64
 ExplicitGOWORK: EffectiveGOPACKAGESDRIVER:}
	env_overlay=[]

[Info  - 5:18:13 PM] 2024/07/20 17:18:13 go/packages.Load #2
	view_id="2"
	snapshot=0
	directory=/home/nadir/dev/projects/go-the-complete-guide
	query=[/home/nadir/dev/projects/go-the-complete-guide/16-price-calculator-goroutines/... builtin]
	packages=7
	duration=160.622242ms

[Info  - 5:18:43 PM] 2024/07/20 17:18:43 background imports cache refresh starting

[Info  - 5:18:43 PM] 2024/07/20 17:18:43 background refresh finished after 5.656105ms

[Info  - 5:18:43 PM] 2024/07/20 17:18:43 background imports cache refresh starting

[Info  - 5:18:43 PM] 2024/07/20 17:18:43 background refresh finished after 39.383624ms

