2024-07-20 17:18:05.449 [info] Configuration changed
2024-07-20 17:18:06.220 [info] Configuration changed
2024-07-20 17:18:09.275 [info] /home/nadir/.config/Code/User/keybindings.json closed
2024-07-20 17:18:09.329 [info] Active editor: file:///home/nadir/.vscode/vscodeHarpoon.harpoon
2024-07-20 17:18:11.575 [info] Active editor: vscode-userdata:/home/nadir/.config/Code/User/settings.json
2024-07-20 17:18:12.422 [info] Active editor: file:///home/nadir/dev/projects/go-the-complete-guide/16-price-calculator-goroutines/filemanager/filemanager.go
2024-07-20 17:18:12.742 [info] Active editor: file:///home/nadir/dev/projects/go-the-complete-guide/README.md
2024-07-20 17:18:12.883 [info] Active editor: file:///home/nadir/dev/projects/go-the-complete-guide/16-price-calculator-goroutines/filemanager/filemanager.go
2024-07-20 17:18:13.128 [info] Active editor: vscode-userdata:/home/nadir/.config/Code/User/settings.json
2024-07-20 17:18:13.641 [info] Active editor: file:///home/nadir/dev/projects/go-the-complete-guide/16-price-calculator-goroutines/prices/prices.go
2024-07-20 17:18:14.022 [info] Active editor: file:///home/nadir/dev/projects/go-the-complete-guide/16-price-calculator-goroutines/main.go
2024-07-20 17:18:14.115 [info] Active editor: file:///home/nadir/dev/projects/go-the-complete-guide/16-price-calculator-goroutines/prices/prices.go
2024-07-20 17:18:14.188 [info] Active editor: vscode-userdata:/home/nadir/.config/Code/User/settings.json
2024-07-20 17:18:17.317 [info] Active editor: file:///home/nadir/.vscode/vscodeHarpoon.harpoon
2024-07-20 17:18:19.130 [info] Active editor: vscode-userdata:/home/nadir/.config/Code/User/settings.json
2024-07-20 17:18:21.597 [info] Active editor: file:///home/nadir/.vscode/vscodeHarpoon.harpoon
2024-07-20 17:18:23.284 [info] Active editor: vscode-userdata:/home/nadir/.config/Code/User/settings.json
2024-07-20 17:18:23.615 [info] Active editor: file:///home/nadir/dev/projects/go-the-complete-guide/16-price-calculator-goroutines/main.go
2024-07-20 17:18:23.995 [info] Active editor: file:///home/nadir/dev/projects/go-the-complete-guide/16-price-calculator-goroutines/prices/prices.go
2024-07-20 17:18:24.005 [info] /home/nadir/dev/projects/go-the-complete-guide/16-price-calculator-goroutines/main.go.git closed
2024-07-20 17:18:24.419 [info] Active editor: file:///home/nadir/dev/projects/go-the-complete-guide/16-price-calculator-goroutines/filemanager/filemanager.go
2024-07-20 17:18:24.432 [info] /home/nadir/dev/projects/go-the-complete-guide/16-price-calculator-goroutines/prices/prices.go.git closed
2024-07-20 17:18:24.783 [info] Active editor: file:///home/nadir/dev/projects/go-the-complete-guide/16-price-calculator-goroutines/main.go
2024-07-20 17:18:24.792 [info] /home/nadir/dev/projects/go-the-complete-guide/16-price-calculator-goroutines/filemanager/filemanager.go.git closed
2024-07-20 17:21:04.741 [info] /settings/user closed
2024-07-20 17:21:07.290 [info] /settings/resourceLanguage closed
2024-07-20 17:21:07.297 [info] /ignoredSettings closed
2024-07-20 17:21:07.414 [info] /launch closed
2024-07-20 17:21:07.415 [info] /token-styling closed
2024-07-20 17:21:07.415 [info] /textmate-colors closed
2024-07-20 17:21:07.415 [info] /workbench-colors closed
2024-07-20 17:21:09.304 [info] /home/nadir/.vscode/vscodeHarpoon.harpoon closed
