2024-07-20 17:18:02.722 [info] Added views:workbench.panel.markers.view in workbench.panel.markers
2024-07-20 17:18:02.722 [info] Added views:workbench.panel.output in workbench.panel.output
2024-07-20 17:18:02.722 [info] Added views:terminal in terminal
2024-07-20 17:18:02.722 [info] Added views:outline in workbench.view.explorer
2024-07-20 17:18:02.722 [info] Added views:workbench.scm in workbench.view.scm
2024-07-20 17:18:02.722 [info] Added views:workbench.view.search in workbench.view.search
2024-07-20 17:18:02.722 [info] Added views:timeline in workbench.view.explorer
2024-07-20 17:18:02.722 [info] Added views:workbench.explorer.fileView in workbench.view.explorer
2024-07-20 17:18:02.978 [info] Added views:workbench.debug.welcome in workbench.view.debug
2024-07-20 17:18:03.616 [info] Added views:gitlens.views.home,gitlens.views.workspaces,gitlens.views.account in workbench.view.extension.gitlens
2024-07-20 17:18:03.617 [info] Added views:gitlens.views.commitDetails,gitlens.views.lineHistory,gitlens.views.fileHistory,gitlens.views.searchAndCompare in workbench.view.extension.gitlensInspect
2024-07-20 17:18:03.618 [info] Added views:gitlens.views.commits,gitlens.views.branches,gitlens.views.remotes,gitlens.views.stashes,gitlens.views.tags,gitlens.views.contributors in workbench.view.scm
2024-07-20 17:18:04.067 [info] Added views:workbench.panel.repl.view in workbench.panel.repl
2024-07-20 17:18:05.140 [info] Added views:test-explorer in workbench.view.extension.test
2024-07-20 17:18:05.453 [info] Added views:~remote.forwardedPorts in ~remote.forwardedPortsContainer
2024-07-20 17:18:06.072 [info] Added views:gitlens.views.drafts in workbench.view.extension.gitlens
2024-07-20 17:18:06.551 [info] Added views:gitlens.views.graph,gitlens.views.graphDetails in workbench.view.extension.gitlensPanel
2024-07-20 17:18:06.553 [info] Added views:gitlens.views.timeline in workbench.view.extension.gitlensInspect
2024-07-20 17:18:06.555 [info] Added views:gitlens.views.worktrees in workbench.view.scm
2024-07-20 17:18:13.382 [info] Added views:workbench.view.testing in workbench.view.extension.test
2024-07-20 17:18:13.402 [info] Added views:go.explorer in workbench.view.explorer
