2024-07-20 17:18:05.083 [info] Log level: Info
2024-07-20 17:18:05.083 [info] Validating found git in: "git"
2024-07-20 17:18:05.083 [info] Using git "2.34.1" from "git"
2024-07-20 17:18:05.083 [info] > git rev-parse --show-toplevel [2ms]
2024-07-20 17:18:05.083 [info] > git rev-parse --git-dir --git-common-dir [2ms]
2024-07-20 17:18:05.083 [info] Open repository: /home/nadir/dev/projects/go-the-complete-guide
2024-07-20 17:18:05.083 [info] > git config --get commit.template [4ms]
2024-07-20 17:18:05.083 [info] > git rev-parse --show-toplevel [2ms]
2024-07-20 17:18:05.083 [info] > git for-each-ref --format=%(refname)%00%(upstream:short)%00%(objectname)%00%(upstream:track)%00%(upstream:remotename)%00%(upstream:remoteref) refs/heads/main refs/remotes/main [5ms]
2024-07-20 17:18:05.083 [info] > git rev-parse --show-toplevel [32ms]
2024-07-20 17:18:05.083 [info] > git rev-parse --show-toplevel [5ms]
2024-07-20 17:18:05.084 [info] > git status -z -uall [8ms]
2024-07-20 17:18:05.099 [info] > git for-each-ref --format=%(refname)%00%(upstream:short)%00%(objectname)%00%(upstream:track)%00%(upstream:remotename)%00%(upstream:remoteref) refs/heads/main refs/remotes/main [10ms]
2024-07-20 17:18:05.104 [info] > git rev-parse --show-toplevel [22ms]
2024-07-20 17:18:05.115 [info] > git config --local branch.main.vscode-merge-base [11ms]
2024-07-20 17:18:05.116 [warning] git config failed: Failed to execute git
2024-07-20 17:18:05.120 [info] > git config --get commit.template [23ms]
2024-07-20 17:18:05.145 [info] > git reflog main --grep-reflog=branch: Created from *. [25ms]
2024-07-20 17:18:05.150 [info] > git rev-parse --show-toplevel [36ms]
2024-07-20 17:18:05.168 [info] > git symbolic-ref --short refs/remotes/origin/HEAD [17ms]
2024-07-20 17:18:05.168 [info] fatal: ref refs/remotes/origin/HEAD is not a symbolic ref
2024-07-20 17:18:05.618 [info] > git merge-base refs/heads/main refs/remotes/origin/main [446ms]
2024-07-20 17:18:05.623 [info] > git rev-parse --show-toplevel [455ms]
2024-07-20 17:18:05.623 [info] > git for-each-ref --format=%(refname)%00%(upstream:short)%00%(objectname)%00%(upstream:track)%00%(upstream:remotename)%00%(upstream:remoteref) refs/heads/main refs/remotes/main [463ms]
2024-07-20 17:18:05.948 [info] > git rev-list --count --left-right refs/heads/main...refs/remotes/origin/main [326ms]
2024-07-20 17:18:06.464 [info] > git diff --name-status -z --diff-filter=ADMR 1c14b3a002f187306d0e3f67df531b4ddf7ba3d0...refs/remotes/origin/main [510ms]
2024-07-20 17:18:06.465 [info] > git rev-parse --show-toplevel [539ms]
2024-07-20 17:18:06.648 [info] > git check-ignore -v -z --stdin [177ms]
2024-07-20 17:18:06.649 [info] > git status -z -uall [12ms]
2024-07-20 17:18:06.650 [info] > git rev-parse --show-toplevel [56ms]
2024-07-20 17:18:06.671 [info] > git for-each-ref --format=%(refname)%00%(upstream:short)%00%(objectname)%00%(upstream:track)%00%(upstream:remotename)%00%(upstream:remoteref) refs/heads/main refs/remotes/main [6ms]
2024-07-20 17:18:06.676 [info] > git rev-parse --show-toplevel [21ms]
2024-07-20 17:18:06.689 [info] > git config --local branch.main.vscode-merge-base [14ms]
2024-07-20 17:18:06.689 [warning] git config failed: Failed to execute git
2024-07-20 17:18:06.696 [info] > git rev-parse --show-toplevel [8ms]
2024-07-20 17:18:06.705 [info] > git reflog main --grep-reflog=branch: Created from *. [12ms]
2024-07-20 17:18:06.711 [info] > git rev-parse --show-toplevel [7ms]
2024-07-20 17:18:06.717 [info] > git symbolic-ref --short refs/remotes/origin/HEAD [7ms]
2024-07-20 17:18:06.717 [info] fatal: ref refs/remotes/origin/HEAD is not a symbolic ref
2024-07-20 17:18:06.789 [info] > git rev-parse --show-toplevel [74ms]
2024-07-20 17:18:06.891 [info] > git rev-parse --show-toplevel [92ms]
2024-07-20 17:18:06.901 [info] > git rev-parse --show-toplevel [2ms]
2024-07-20 17:18:06.991 [info] > git rev-parse --show-toplevel [65ms]
2024-07-20 17:18:06.999 [info] > git rev-parse --show-toplevel [1ms]
2024-07-20 17:18:07.014 [info] > git rev-parse --show-toplevel [11ms]
2024-07-20 17:18:07.023 [info] > git rev-parse --show-toplevel [4ms]
2024-07-20 17:18:09.342 [info] > git rev-parse --show-toplevel [3ms]
2024-07-20 17:18:09.342 [info] fatal: not a git repository (or any of the parent directories): .git
2024-07-20 17:18:13.542 [info] > git check-ignore -v -z --stdin [16ms]
2024-07-20 17:18:17.325 [info] > git rev-parse --show-toplevel [2ms]
2024-07-20 17:18:17.325 [info] fatal: not a git repository (or any of the parent directories): .git
2024-07-20 17:18:21.606 [info] > git rev-parse --show-toplevel [3ms]
2024-07-20 17:18:21.606 [info] fatal: not a git repository (or any of the parent directories): .git
2024-07-20 17:18:23.861 [info] > git show --textconv :16-price-calculator-goroutines/main.go [7ms]
2024-07-20 17:18:23.863 [info] > git ls-files --stage -- /home/nadir/dev/projects/go-the-complete-guide/16-price-calculator-goroutines/main.go [3ms]
2024-07-20 17:18:24.220 [info] > git show --textconv :16-price-calculator-goroutines/prices/prices.go [6ms]
2024-07-20 17:18:24.221 [info] > git ls-files --stage -- /home/nadir/dev/projects/go-the-complete-guide/16-price-calculator-goroutines/prices/prices.go [2ms]
2024-07-20 17:18:24.644 [info] > git show --textconv :16-price-calculator-goroutines/filemanager/filemanager.go [6ms]
2024-07-20 17:18:24.645 [info] > git ls-files --stage -- /home/nadir/dev/projects/go-the-complete-guide/16-price-calculator-goroutines/filemanager/filemanager.go [1ms]
2024-07-20 17:18:25.009 [info] > git show --textconv :16-price-calculator-goroutines/main.go [7ms]
2024-07-20 17:18:25.011 [info] > git ls-files --stage -- /home/nadir/dev/projects/go-the-complete-guide/16-price-calculator-goroutines/main.go [2ms]
