2024-07-20 17:18:03.241 [info] Using settings sync service https://vscode-sync.trafficmanager.net/
2024-07-20 17:18:03.241 [info] Auto Sync is enabled.
2024-07-20 17:18:03.241 [info] Auto Sync: Suspended until auth token is available.
2024-07-20 17:18:03.819 [info] Deleting non existing profile from backup /home/nadir/.config/Code/User/sync/extensions
2024-07-20 17:18:03.841 [info] Deleting non existing profile from backup /home/nadir/.config/Code/User/sync/globalState
2024-07-20 17:18:03.861 [info] Deleting non existing profile from backup /home/nadir/.config/Code/User/sync/keybindings
2024-07-20 17:18:03.876 [info] Deleting non existing profile from backup /home/nadir/.config/Code/User/sync/profiles
2024-07-20 17:18:03.907 [info] Deleting non existing profile from backup /home/nadir/.config/Code/User/sync/settings
2024-07-20 17:18:03.924 [info] Deleting non existing profile from backup /home/nadir/.config/Code/User/sync/snippets
2024-07-20 17:18:03.934 [info] Deleting non existing profile from backup /home/nadir/.config/Code/User/sync/tasks
2024-07-20 17:18:06.679 [info] Auto Sync: Triggered by Interval
2024-07-20 17:18:06.680 [info] Sync started.
2024-07-20 17:18:07.560 [info] Settings: Last sync resource does not exist locally.
2024-07-20 17:18:08.850 [info] Settings: Updated remote settings
2024-07-20 17:18:08.858 [info] Settings: Updated last synchronized settings
2024-07-20 17:18:08.859 [info] Keybindings: Last sync resource does not exist locally.
2024-07-20 17:18:09.287 [info] Keybindings: No changes found during synchronizing keybindings.
2024-07-20 17:18:09.288 [info] Snippets: Last sync resource does not exist locally.
2024-07-20 17:18:09.381 [info] Snippets: No changes found during synchronizing snippets.
2024-07-20 17:18:09.383 [info] Tasks: Last sync resource does not exist locally.
2024-07-20 17:18:09.442 [info] Tasks: No changes found during synchronizing tasks.
2024-07-20 17:18:09.443 [info] GlobalState: Last sync resource does not exist locally.
2024-07-20 17:18:09.546 [info] GlobalState: No changes found during synchronizing ui state.
2024-07-20 17:18:09.547 [info] Extensions: Last sync resource does not exist locally.
2024-07-20 17:18:10.336 [info] Extensions: Updated remote extensions. Removed: ["sonarsource.sonarlint-vscode"].
2024-07-20 17:18:10.345 [info] Extensions: Updated last synchronized extensions.
2024-07-20 17:18:10.347 [info] Profiles: Last sync resource does not exist locally.
2024-07-20 17:18:10.400 [info] Profiles: No changes found during synchronizing profiles.
2024-07-20 17:18:10.402 [info] Sync done. Took 3723ms
2024-07-20 17:18:21.149 [info] Auto Sync: Triggered by Activity
2024-07-20 17:18:21.149 [info] Sync started.
2024-07-20 17:18:21.341 [info] Settings: No changes found during synchronizing settings.
2024-07-20 17:18:21.349 [info] Keybindings: No changes found during synchronizing keybindings.
2024-07-20 17:18:21.352 [info] Snippets: No changes found during synchronizing snippets.
2024-07-20 17:18:21.355 [info] Tasks: No changes found during synchronizing tasks.
2024-07-20 17:18:21.358 [info] GlobalState: No changes found during synchronizing ui state.
2024-07-20 17:18:21.448 [info] Extensions: No changes found during synchronizing extensions.
2024-07-20 17:18:21.449 [info] Profiles: No changes found during synchronizing profiles.
2024-07-20 17:18:21.451 [info] Sync done. Took 303ms
2024-07-20 17:23:21.463 [info] Auto Sync: Triggered by Interval
2024-07-20 17:23:21.464 [info] Sync started.
2024-07-20 17:23:21.742 [info] Settings: No changes found during synchronizing settings.
2024-07-20 17:23:21.779 [info] Keybindings: No changes found during synchronizing keybindings.
2024-07-20 17:23:21.782 [info] Snippets: No changes found during synchronizing snippets.
2024-07-20 17:23:21.785 [info] Tasks: No changes found during synchronizing tasks.
2024-07-20 17:23:21.788 [info] GlobalState: No changes found during synchronizing ui state.
2024-07-20 17:23:21.888 [info] Extensions: No changes found during synchronizing extensions.
2024-07-20 17:23:21.891 [info] Profiles: No changes found during synchronizing profiles.
2024-07-20 17:23:21.893 [info] Sync done. Took 430ms
